npm shrinkwrap
npm WARN shrinkwrap Excluding devDependency: /acorn
npm WARN shrinkwrap Excluding devDependency: /align-text
npm WARN shrinkwrap Excluding devDependency: /alter
npm WARN shrinkwrap Excluding devDependency: /amdefine
npm WARN shrinkwrap Excluding devDependency: /ansi-regex
npm WARN shrinkwrap Excluding devDependency: /ansi-styles
npm WARN shrinkwrap Excluding devDependency: /anymatch
npm WARN shrinkwrap Excluding devDependency: /arr-diff
npm WARN shrinkwrap Excluding devDependency: /arr-flatten
npm WARN shrinkwrap Excluding devDependency: /array-unique
npm WARN shrinkwrap Excluding devDependency: /arrify
npm WARN shrinkwrap Excluding devDependency: /ast-traverse
npm WARN shrinkwrap Excluding devDependency: /ast-types
npm WARN shrinkwrap Excluding devDependency: /async-each
npm WARN shrinkwrap Excluding devDependency: /babel
npm WARN shrinkwrap Excluding devDependency: /babel-core
npm WARN shrinkwrap Excluding devDependency: /babel-plugin-constant-folding
npm WARN shrinkwrap Excluding devDependency: /babel-plugin-dead-code-elimination
npm WARN shrinkwrap Excluding devDependency: /babel-plugin-eval
npm WARN shrinkwrap Excluding devDependency: /babel-plugin-inline-environment-variables
npm WARN shrinkwrap Excluding devDependency: /babel-plugin-jscript
npm WARN shrinkwrap Excluding devDependency: /babel-plugin-member-expression-literals
npm WARN shrinkwrap Excluding devDependency: /babel-plugin-property-literals
npm WARN shrinkwrap Excluding devDependency: /babel-plugin-proto-to-assign
npm WARN shrinkwrap Excluding devDependency: /babel-plugin-react-constant-elements
npm WARN shrinkwrap Excluding devDependency: /babel-plugin-react-display-name
npm WARN shrinkwrap Excluding devDependency: /babel-plugin-remove-console
npm WARN shrinkwrap Excluding devDependency: /babel-plugin-remove-debugger
npm WARN shrinkwrap Excluding devDependency: /babel-plugin-runtime
npm WARN shrinkwrap Excluding devDependency: /babel-plugin-undeclared-variables-check
npm WARN shrinkwrap Excluding devDependency: /babel-plugin-undefined-to-void
npm WARN shrinkwrap Excluding devDependency: /babylon
npm WARN shrinkwrap Excluding devDependency: /balanced-match
npm WARN shrinkwrap Excluding devDependency: /binary-extensions
npm WARN shrinkwrap Excluding devDependency: /bluebird
npm WARN shrinkwrap Excluding devDependency: /brace-expansion
npm WARN shrinkwrap Excluding devDependency: /braces
npm WARN shrinkwrap Excluding devDependency: /breakable
npm WARN shrinkwrap Excluding devDependency: /buffer-shims
npm WARN shrinkwrap Excluding devDependency: /camelcase
npm WARN shrinkwrap Excluding devDependency: /center-align
npm WARN shrinkwrap Excluding devDependency: /chalk
npm WARN shrinkwrap Excluding devDependency: /chokidar
npm WARN shrinkwrap Excluding devDependency: /cliui
npm WARN shrinkwrap Excluding devDependency: /commander
npm WARN shrinkwrap Excluding devDependency: /commoner
npm WARN shrinkwrap Excluding devDependency: /concat-map
npm WARN shrinkwrap Excluding devDependency: /convert-source-map
npm WARN shrinkwrap Excluding devDependency: /core-js
npm WARN shrinkwrap Excluding devDependency: /core-util-is
npm WARN shrinkwrap Excluding devDependency: /debug
npm WARN shrinkwrap Excluding devDependency: /decamelize
npm WARN shrinkwrap Excluding devDependency: /defined
npm WARN shrinkwrap Excluding devDependency: /defs
npm WARN shrinkwrap Excluding devDependency: /detect-indent
npm WARN shrinkwrap Excluding devDependency: /detective
npm WARN shrinkwrap Excluding devDependency: /escape-string-regexp
npm WARN shrinkwrap Excluding devDependency: /esprima-fb
npm WARN shrinkwrap Excluding devDependency: /esutils
npm WARN shrinkwrap Excluding devDependency: /expand-brackets
npm WARN shrinkwrap Excluding devDependency: /expand-range
npm WARN shrinkwrap Excluding devDependency: /extglob
npm WARN shrinkwrap Excluding devDependency: /filename-regex
npm WARN shrinkwrap Excluding devDependency: /fill-range
npm WARN shrinkwrap Excluding devDependency: /for-in
npm WARN shrinkwrap Excluding devDependency: /for-own
npm WARN shrinkwrap Excluding devDependency: /fs-readdir-recursive
npm WARN shrinkwrap Excluding devDependency: /fsevents
npm WARN shrinkwrap Excluding devDependency: /get-stdin
npm WARN shrinkwrap Excluding devDependency: /glob
npm WARN shrinkwrap Excluding devDependency: /glob-base
npm WARN shrinkwrap Excluding devDependency: /glob-parent
npm WARN shrinkwrap Excluding devDependency: /globals
npm WARN shrinkwrap Excluding devDependency: /graceful-fs
npm WARN shrinkwrap Excluding devDependency: /graceful-readlink
npm WARN shrinkwrap Excluding devDependency: /has-ansi
npm WARN shrinkwrap Excluding devDependency: /home-or-tmp
npm WARN shrinkwrap Excluding devDependency: /iconv-lite
npm WARN shrinkwrap Excluding devDependency: /inflight
npm WARN shrinkwrap Excluding devDependency: /inherits
npm WARN shrinkwrap Excluding devDependency: /invert-kv
npm WARN shrinkwrap Excluding devDependency: /is-binary-path
npm WARN shrinkwrap Excluding devDependency: /is-buffer
npm WARN shrinkwrap Excluding devDependency: /is-dotfile
npm WARN shrinkwrap Excluding devDependency: /is-equal-shallow
npm WARN shrinkwrap Excluding devDependency: /is-extendable
npm WARN shrinkwrap Excluding devDependency: /is-extglob
npm WARN shrinkwrap Excluding devDependency: /is-finite
npm WARN shrinkwrap Excluding devDependency: /is-glob
npm WARN shrinkwrap Excluding devDependency: /is-integer
npm WARN shrinkwrap Excluding devDependency: /is-number
npm WARN shrinkwrap Excluding devDependency: /is-posix-bracket
npm WARN shrinkwrap Excluding devDependency: /is-primitive
npm WARN shrinkwrap Excluding devDependency: /isarray
npm WARN shrinkwrap Excluding devDependency: /isobject
npm WARN shrinkwrap Excluding devDependency: /js-tokens
npm WARN shrinkwrap Excluding devDependency: /jsesc
npm WARN shrinkwrap Excluding devDependency: /json5
npm WARN shrinkwrap Excluding devDependency: /kind-of
npm WARN shrinkwrap Excluding devDependency: /lazy-cache
npm WARN shrinkwrap Excluding devDependency: /lcid
npm WARN shrinkwrap Excluding devDependency: /leven
npm WARN shrinkwrap Excluding devDependency: /longest
npm WARN shrinkwrap Excluding devDependency: /micromatch
npm WARN shrinkwrap Excluding devDependency: /minimatch
npm WARN shrinkwrap Excluding devDependency: /minimist
npm WARN shrinkwrap Excluding devDependency: /mkdirp
npm WARN shrinkwrap Excluding devDependency: /ms
npm WARN shrinkwrap Excluding devDependency: /nan
npm WARN shrinkwrap Excluding devDependency: /normalize-path
npm WARN shrinkwrap Excluding devDependency: /number-is-nan
npm WARN shrinkwrap Excluding devDependency: /object-assign
npm WARN shrinkwrap Excluding devDependency: /object.omit
npm WARN shrinkwrap Excluding devDependency: /once
npm WARN shrinkwrap Excluding devDependency: /os-locale
npm WARN shrinkwrap Excluding devDependency: /os-tmpdir
npm WARN shrinkwrap Excluding devDependency: /output-file-sync
npm WARN shrinkwrap Excluding devDependency: /parse-glob
npm WARN shrinkwrap Excluding devDependency: /path-exists
npm WARN shrinkwrap Excluding devDependency: /path-is-absolute
npm WARN shrinkwrap Excluding devDependency: /preserve
npm WARN shrinkwrap Excluding devDependency: /private
npm WARN shrinkwrap Excluding devDependency: /process-nextick-args
npm WARN shrinkwrap Excluding devDependency: /q
npm WARN shrinkwrap Excluding devDependency: /randomatic
npm WARN shrinkwrap Excluding devDependency: /readable-stream
npm WARN shrinkwrap Excluding devDependency: /readdirp
npm WARN shrinkwrap Excluding devDependency: /recast
npm WARN shrinkwrap Excluding devDependency: /regenerate
npm WARN shrinkwrap Excluding devDependency: /regenerator
npm WARN shrinkwrap Excluding devDependency: /regex-cache
npm WARN shrinkwrap Excluding devDependency: /regexpu
npm WARN shrinkwrap Excluding devDependency: /regjsgen
npm WARN shrinkwrap Excluding devDependency: /regjsparser
npm WARN shrinkwrap Excluding devDependency: /repeat-element
npm WARN shrinkwrap Excluding devDependency: /repeat-string
npm WARN shrinkwrap Excluding devDependency: /repeating
npm WARN shrinkwrap Excluding devDependency: /resolve
npm WARN shrinkwrap Excluding devDependency: /right-align
npm WARN shrinkwrap Excluding devDependency: /set-immediate-shim
npm WARN shrinkwrap Excluding devDependency: /shebang-regex
npm WARN shrinkwrap Excluding devDependency: /simple-fmt
npm WARN shrinkwrap Excluding devDependency: /simple-is
npm WARN shrinkwrap Excluding devDependency: /slash
npm WARN shrinkwrap Excluding devDependency: /source-map
npm WARN shrinkwrap Excluding devDependency: /source-map-support
npm WARN shrinkwrap Excluding devDependency: /stable
npm WARN shrinkwrap Excluding devDependency: /string_decoder
npm WARN shrinkwrap Excluding devDependency: /stringmap
npm WARN shrinkwrap Excluding devDependency: /stringset
npm WARN shrinkwrap Excluding devDependency: /strip-ansi
npm WARN shrinkwrap Excluding devDependency: /supports-color
npm WARN shrinkwrap Excluding devDependency: /through
npm WARN shrinkwrap Excluding devDependency: /to-fast-properties
npm WARN shrinkwrap Excluding devDependency: /trim-right
npm WARN shrinkwrap Excluding devDependency: /try-resolve
npm WARN shrinkwrap Excluding devDependency: /tryor
npm WARN shrinkwrap Excluding devDependency: /user-home
npm WARN shrinkwrap Excluding devDependency: /util-deprecate
npm WARN shrinkwrap Excluding devDependency: /window-size
npm WARN shrinkwrap Excluding devDependency: /wordwrap
npm WARN shrinkwrap Excluding devDependency: /wrappy
npm WARN shrinkwrap Excluding devDependency: /y18n
npm WARN shrinkwrap Excluding devDependency: /yargs
wrote npm-shrinkwrap.json